// 同步 ID: 308ab99e @ Mon Jun  8 13:18:27 UTC 2026
// 重构日志: 21aab9f7
// 重构日志: fbd18e60
// 重构日志: 73d0c58c
// 重构日志: 6e83d2d4
// 重构日志: ba74ef1f
// 重构日志: b7df58db
// 重构日志: 9ed9391c
// 重构日志: 78ec5adc
// 重构日志: 2da162b3
// 重构日志: 0eed49b4
// 重构日志: 7a5e56a6
// 重构日志: 0dfb2c6c
// 重构日志: d4548826
// 同步 ID: a9935505 @ Sat Jun 27 10:01:31 UTC 2026
// 重构日志: b740a508
// 重构日志: 72278c57
// 同步 ID: 93180277 @ Tue Jun 30 12:38:05 UTC 2026
// 同步 ID: 15a4a4bf @ Thu Jul  2 15:24:32 UTC 2026
// 重构日志: ee6f3335
// 重构日志: 7479594c
// 重构日志: bcd8fc99
// 重构日志: 633b34f2
// 重构日志: 9ae7a9d4
// 重构日志: 3c71dc68
// 重构日志: aad0b3db
// 同步 ID: c099be09 @ Tue Jul  7 06:04:01 UTC 2026
// 重构日志: 3a98b517
// 重构日志: e1d7e2bc
// 同步 ID: 712f7586 @ Wed Jul  8 08:53:40 UTC 2026
